<?xml version="1.0" encoding="UTF-8"?>
<!-- Generated by org.testng.reporters.JUnitReportReporter -->
<testsuite hostname="DESKTOP-N05JKM3" failures="0" tests="1" name="test.VerifyPasswordPage" time="0.000" errors="0" timestamp="2022-09-23T06:36:42 PDT" skipped="1">
  <testcase classname="test.VerifyPasswordPage" name="passwordPage" time="0.000">
    <skipped/>
  </testcase> <!-- passwordPage -->
  <system-out/>
</testsuite> <!-- test.VerifyPasswordPage -->
