<?xml version="1.0" encoding="UTF-8"?>
<!-- Generated by org.testng.reporters.JUnitReportReporter -->
<testsuite hostname="DESKTOP-N05JKM3" failures="0" tests="1" name="automateAmezon.TestNG" time="0.000" errors="0" timestamp="2022-09-23T06:36:42 PDT" skipped="1">
  <testcase classname="automateAmezon.TestNG" name="beforTest" time="0.000">
    <skipped/>
  </testcase> <!-- beforTest -->
  <system-out/>
</testsuite> <!-- automateAmezon.TestNG -->
