<?xml version="1.0" encoding="UTF-8"?>
<!-- Generated by org.testng.reporters.JUnitReportReporter -->
<testsuite hostname="DESKTOP-4TDGQM6" failures="0" tests="1" name="test.Verifyhomepage" time="67.470" errors="0" timestamp="2022-09-11T13:26:33 IST" skipped="0">
  <testcase classname="test.Verifyhomepage" name="verifySignPage" time="67.470"/>
  <system-out/>
</testsuite> <!-- test.Verifyhomepage -->
