<?xml version="1.0" encoding="UTF-8"?>
<!-- Generated by org.testng.reporters.JUnitReportReporter -->
<testsuite hostname="DESKTOP-N05JKM3" failures="0" tests="6" name="test.VerifyAmazonHomePage" time="37.792" errors="0" timestamp="2022-09-25T07:22:39 PDT" skipped="0">
  <testcase classname="test.VerifyAmazonHomePage" name="verifyLanguage" time="7.313"/>
  <system-out/>
  <testcase classname="test.VerifyAmazonHomePage" name="verifyLanguage" time="3.768"/>
  <system-out/>
  <testcase classname="test.VerifyAmazonHomePage" name="SignUpPage" time="5.881"/>
  <system-out/>
  <testcase classname="test.VerifyAmazonHomePage" name="addToCart" time="10.541"/>
  <system-out/>
  <testcase classname="test.VerifyAmazonHomePage" name="addToCart" time="3.311"/>
  <system-out/>
  <testcase classname="test.VerifyAmazonHomePage" name="SignUpPage" time="6.978"/>
  <system-out/>
</testsuite> <!-- test.VerifyAmazonHomePage -->
